"../../../Engine/Content/EditorBlueprintResources/StandardMacros.uasset" 0
"../../../TimeAttack/Content/Blueprints/TimeConversion.uasset" 1
"../../../TimeAttack/Content/Blueprints/MySaveGame.uasset" 2
"../../../Engine/Content/BasicShapes/BasicShapeMaterial.uasset" 3
"../../../Engine/Content/Functions/Engine_MaterialFunctions01/Opacity/CameraDepthFade.uasset" 4
"../../../Engine/Content/EngineMaterials/T_Default_Material_Grid_M.uasset" 5
"../../../Engine/Content/EngineMaterials/T_Default_Material_Grid_N.uasset" 6
"../../../Engine/Content/EngineMaterials/WorldGridMaterial.uasset" 7
"../../../Engine/Content/BasicShapes/Cube.uasset" 8
"../../../TimeAttack/Content/Blueprints/Projectiles/StandardBullet.uasset" 9
"../../../TimeAttack/Content/Blueprints/Vehicles/HoverComponent.uasset" 10
"../../../TimeAttack/Content/StarterContent/Textures/T_Metal_Gold_N.uasset" 11
"../../../TimeAttack/Content/StarterContent/Textures/T_Perlin_Noise_M.uasset" 12
"../../../TimeAttack/Content/StarterContent/Textures/T_Rock_Marble_Polished_D.uasset" 13
"../../../TimeAttack/Content/StarterContent/Materials/M_Rock_Marble_Polished.uasset" 14
"../../../TimeAttack/Content/StarterContent/Textures/T_MacroVariation.uasset" 15
"../../../TimeAttack/Content/StarterContent/Textures/T_Tech_Hex_Tile_M.uasset" 16
"../../../TimeAttack/Content/StarterContent/Textures/T_Tech_Hex_Tile_N.uasset" 17
"../../../TimeAttack/Content/StarterContent/Materials/M_Tech_Hex_Tile_Pulse.uasset" 18
"../../../TimeAttack/Content/Geometry/Vehicles/Material.uasset" 19
"../../../TimeAttack/Content/Geometry/Vehicles/Material_001.uasset" 20
"../../../TimeAttack/Content/Geometry/Vehicles/Car1.uasset" 21
"../../../TimeAttack/Content/Textures/Particles/T_HoverRing.uasset" 22
"../../../TimeAttack/Content/Materials/Particles/MP_HoverRing.uasset" 23
"../../../TimeAttack/Content/Particles/P_HoverSmoke.uasset" 24
"../../../Engine/Content/Functions/Engine_MaterialFunctions01/Gradient/RadialGradient.uasset" 25
"../../../TimeAttack/Content/StarterContent/Particles/Materials/M_Radial_Gradient.uasset" 26
"../../../TimeAttack/Content/StarterContent/Textures/T_Smoke_SubUV.uasset" 27
"../../../TimeAttack/Content/StarterContent/Textures/T_Smoke_Tiled_D.uasset" 28
"../../../TimeAttack/Content/StarterContent/Particles/Materials/M_smoke_subUV.uasset" 29
"../../../TimeAttack/Content/StarterContent/Textures/T_Spark_Core.uasset" 30
"../../../TimeAttack/Content/StarterContent/Particles/Materials/M_Spark.uasset" 31
"../../../TimeAttack/Content/StarterContent/Particles/P_Sparks.uasset" 32
"../../../TimeAttack/Content/Blueprints/Vehicles/BumperCar.uasset" 33
"../../../TimeAttack/Content/Textures/Ball.uasset" 34
"../../../TimeAttack/Content/Materials/Ball.uasset" 35
"../../../TimeAttack/Content/Geometry/Ball/defaultMat.uasset" 36
"../../../TimeAttack/Content/Geometry/Ball/Ball.uasset" 37
"../../../TimeAttack/Content/Blueprints/Ball.uasset" 38
"../../../TimeAttack/Content/Blueprints/UI/HUDEndgame.uasset" 39
"../../../TimeAttack/Content/Blueprints/MyPlayerController.uasset" 40
"../../../Engine/Content/EngineFonts/RobotoDistanceField.uasset" 41
"../../../TimeAttack/Content/VehicleAdvBP/Blueprints/VehicleAdvHud.uasset" 42
"../../../TimeAttack/Content/VehicleAdvBP/Blueprints/WheelData/Vehicle_BackTireType.uasset" 43
"../../../TimeAttack/Content/VehicleAdvBP/Blueprints/WheelData/WheelBack.uasset" 44
"../../../TimeAttack/Content/VehicleAdvBP/Blueprints/WheelData/Vehicle_FrontTireType.uasset" 45
"../../../TimeAttack/Content/VehicleAdvBP/Blueprints/WheelData/WheelFront.uasset" 46
"../../../TimeAttack/Content/VehicleAdv/Sound/Engine_att.uasset" 47
"../../../TimeAttack/Content/VehicleAdv/Materials/Fixed_Template_Master.uasset" 48
"../../../TimeAttack/Content/VehicleAdv/Materials/MaterialInstances/Template_BaseBlue.uasset" 49
"../../../TimeAttack/Content/VehicleAdv/PhysicsMaterials/Slippery.uasset" 50
"../../../TimeAttack/Content/VehicleAdv/Vehicle/VehiclePhysicsAsset.uasset" 51
"../../../TimeAttack/Content/VehicleAdv/Vehicle/VehicleSkeleton.uasset" 52
"../../../TimeAttack/Content/VehicleAdv/Vehicle/Vehicle_SkelMesh.uasset" 53
"../../../TimeAttack/Content/VehicleAdvBP/Blueprints/VehicleBlueprint.uasset" 54
"../../../Engine/Content/EngineSky/C_Sky_Cloud_Color.uasset" 55
"../../../Engine/Content/EngineSky/C_Sky_Horizon_Color.uasset" 56
"../../../Engine/Content/EngineSky/C_Sky_Zenith_Color.uasset" 57
"../../../Engine/Content/EngineSky/T_Sky_Blue.uasset" 58
"../../../Engine/Content/EngineSky/T_Sky_Clouds_M.uasset" 59
"../../../Engine/Content/EngineSky/T_Sky_Stars.uasset" 60
"../../../Engine/Content/EngineSky/SM_SkySphere.uasset" 61
"../../../Engine/Content/EngineSky/M_Sky_Panning_Clouds2.uasset" 62
"../../../Engine/Content/EngineSky/BP_Sky_Sphere.uasset" 63
"../../../TimeAttack/Content/Maps/LayerInfo/Desert_LayerInfo.uasset" 64
"../../../TimeAttack/Content/VehicleAdvBP/Maps/LayerInfo/Desert_LayerInfo.uasset" 65
"../../../TimeAttack/Content/VehicleAdv/PhysicsMaterials/NonSlippery.uasset" 66
"../../../TimeAttack/Content/Maps/LayerInfo/Track_LayerInfo.uasset" 67
"../../../TimeAttack/Content/VehicleAdvBP/Maps/LayerInfo/Track_LayerInfo.uasset" 68
"../../../Engine/Content/Functions/Engine_MaterialFunctions03/Procedurals/ComputeFilterWidth.uasset" 69
"../../../Engine/Content/EngineMaterials/AntiAliasedTextMaterialTranslucent.uasset" 70
"../../../TimeAttack/Content/VehicleAdv/Materials/Landscape.uasset" 71
"../../../TimeAttack/Content/VehicleAdv/Materials/MaterialInstances/LandscapeNoHole.uasset" 72
"../../../Engine/Content/EngineMaterials/Grid.uasset" 73
"../../../TimeAttack/Content/Textures/Materialing/T_Masks.uasset" 74
"../../../TimeAttack/Content/Materials/TrackPieces/BLOCKINGMaterial.uasset" 75
"../../../TimeAttack/Content/Textures/TrackPieces/TrackPiece_Straight_Short_Diffuse.uasset" 76
"../../../TimeAttack/Content/Materials/TrackPieces/TrackPiece_Straight_A.uasset" 77
"../../../TimeAttack/Content/Geometry/LevelPieces/TrackPiece_Straight_Short.uasset" 78
"../../../TimeAttack/Content/Geometry/LevelPieces/FirstTestPiece.uasset" 79
"../../../TimeAttack/Content/Geometry/Meshes/CubeMaterial.uasset" 80
"../../../TimeAttack/Content/Geometry/Meshes/1M_Cube.uasset" 81
"../../../TimeAttack/Content/VehicleAdv/Materials/MasterSolidColor.uasset" 82
"../../../TimeAttack/Content/VehicleAdv/Materials/MaterialInstances/SolidOrange.uasset" 83
"../../../TimeAttack/Content/VehicleAdv/ArenaMesh/BumpWave.uasset" 84
"../../../TimeAttack/Content/VehicleAdv/ArenaMesh/BumpWaveSmall.uasset" 85
"../../../TimeAttack/Content/VehicleAdv/ArenaMesh/BumpWedge.uasset" 86
"../../../TimeAttack/Content/VehicleAdv/ArenaMesh/LoopBig.uasset" 87
"../../../TimeAttack/Content/VehicleAdv/ArenaMesh/LoopSmall.uasset" 88
"../../../TimeAttack/Content/VehicleAdv/ArenaMesh/RampLarge.uasset" 89
"../../../TimeAttack/Content/VehicleAdv/Materials/MasterGrid.uasset" 90
"../../../TimeAttack/Content/VehicleAdv/Materials/MaterialInstances/BlackGrid.uasset" 91
"../../../TimeAttack/Content/VehicleAdv/Materials/MaterialInstances/RedGrid.uasset" 92
"../../../TimeAttack/Content/VehicleAdv/ArenaMesh/StraightFull.uasset" 93
"../../../TimeAttack/Content/VehicleAdv/ArenaMesh/StraightHalf.uasset" 94
"../../../TimeAttack/Content/VehicleAdv/ArenaMesh/StraightQuarter.uasset" 95
"../../../TimeAttack/Content/VehicleAdv/Materials/MaterialInstances/SolidRed.uasset" 96
"../../../TimeAttack/Content/VehicleAdv/ArenaMesh/turn_22andhalf.uasset" 97
"../../../TimeAttack/Content/VehicleAdv/ArenaMesh/Turn_45.uasset" 98
"../../../TimeAttack/Content/VehicleAdv/ArenaMesh/Turn_90.uasset" 99
"../../../TimeAttack/Content/VehicleAdv/ArenaMesh/Turn_90Large.uasset" 100
"../../../TimeAttack/Content/VehicleAdvBP/Maps/VehicleAdvExampleMap.umap" 101
"../../../TimeAttack/Content/Blueprints/NetworkPlayerStart.uasset" 102
"../../../TimeAttack/Content/Blueprints/E_GameTypes.uasset" 103
"../../../TimeAttack/Content/Blueprints/E_NumberOfPlayers.uasset" 104
"../../../TimeAttack/Content/Blueprints/MyGameInstance.uasset" 105
"../../../TimeAttack/Content/Blueprints/UI/Menus/ObstacleMenu.uasset" 106
"../../../TimeAttack/Content/Blueprints/UI/Menus/TagMenu.uasset" 107
"../../../TimeAttack/Content/Blueprints/UI/Menus/MainMenu.uasset" 108
"../../../TimeAttack/Content/Blueprints/MenuPlayerController.uasset" 109
"../../../TimeAttack/Content/Blueprints/GameModes/MenuGameMode.uasset" 110
"../../../TimeAttack/Content/VehicleAdvBP/Maps/MENU_Main.umap" 111
"../../../TimeAttack/Content/StarterContent/Audio/Fire01.uasset" 112
"../../../TimeAttack/Content/StarterContent/Audio/Fire01_Cue.uasset" 113
"../../../TimeAttack/Content/StarterContent/Textures/T_Fire_SubUV.uasset" 114
"../../../TimeAttack/Content/StarterContent/Textures/T_Fire_Tiled_D.uasset" 115
"../../../TimeAttack/Content/StarterContent/Particles/Materials/M_Fire_SubUV.uasset" 116
"../../../TimeAttack/Content/StarterContent/Textures/T_Water_N.uasset" 117
"../../../TimeAttack/Content/StarterContent/Particles/Materials/M_Heat_Distortion.uasset" 118
"../../../TimeAttack/Content/StarterContent/Particles/P_Fire.uasset" 119
"../../../TimeAttack/Content/StarterContent/Blueprints/Blueprint_Effect_Fire.uasset" 120
"../../../TimeAttack/Content/StarterContent/Audio/Smoke01.uasset" 121
"../../../TimeAttack/Content/StarterContent/Audio/Smoke01_Cue.uasset" 122
"../../../TimeAttack/Content/StarterContent/Particles/P_Smoke.uasset" 123
"../../../TimeAttack/Content/StarterContent/Blueprints/Blueprint_Effect_Smoke.uasset" 124
"../../../TimeAttack/Content/StarterContent/Audio/Fire_Sparks01.uasset" 125
"../../../TimeAttack/Content/StarterContent/Audio/Fire_Sparks01_Cue.uasset" 126
"../../../TimeAttack/Content/StarterContent/Blueprints/Blueprint_Effect_Sparks.uasset" 127
"../../../TimeAttack/Content/StarterContent/Audio/Steam01.uasset" 128
"../../../TimeAttack/Content/StarterContent/Audio/Steam01_Cue.uasset" 129
"../../../TimeAttack/Content/StarterContent/Particles/P_Steam_Lit.uasset" 130
"../../../TimeAttack/Content/StarterContent/Blueprints/Blueprint_Effect_Steam.uasset" 131
"../../../TimeAttack/Content/StarterContent/Textures/T_Lamp_M.uasset" 132
"../../../TimeAttack/Content/StarterContent/Textures/T_Lamp_N.uasset" 133
"../../../TimeAttack/Content/StarterContent/Props/Materials/M_Lamp.uasset" 134
"../../../TimeAttack/Content/StarterContent/Props/SM_Lamp_Ceiling.uasset" 135
"../../../TimeAttack/Content/StarterContent/Blueprints/Blueprint_CeilingLight.uasset" 136
"../../../TimeAttack/Content/StarterContent/Props/SM_Lamp_Wall.uasset" 137
"../../../TimeAttack/Content/StarterContent/Blueprints/Blueprint_WallSconce.uasset" 138
"../../../TimeAttack/Content/StarterContent/Textures/T_Brick_Clay_Beveled_D.uasset" 139
"../../../TimeAttack/Content/StarterContent/Textures/T_Brick_Clay_Beveled_M.uasset" 140
"../../../TimeAttack/Content/StarterContent/Textures/T_Brick_Clay_Beveled_N.uasset" 141
"../../../TimeAttack/Content/StarterContent/Materials/M_Brick_Clay_Beveled.uasset" 142
"../../../TimeAttack/Content/StarterContent/Textures/T_Brick_Clay_New_D.uasset" 143
"../../../TimeAttack/Content/StarterContent/Textures/T_Brick_Clay_New_M.uasset" 144
"../../../TimeAttack/Content/StarterContent/Textures/T_Brick_Clay_New_N.uasset" 145
"../../../TimeAttack/Content/StarterContent/Textures/T_Detail_Rocky_N.uasset" 146
"../../../TimeAttack/Content/StarterContent/Materials/M_Brick_Clay_New.uasset" 147
"../../../TimeAttack/Content/StarterContent/Textures/T_Brick_Clay_Old_D.uasset" 148
"../../../TimeAttack/Content/StarterContent/Textures/T_Brick_Clay_Old_N.uasset" 149
"../../../TimeAttack/Content/StarterContent/Materials/M_Brick_Clay_Old.uasset" 150
"../../../TimeAttack/Content/StarterContent/Textures/T_Brick_Cut_Stone_D.uasset" 151
"../../../TimeAttack/Content/StarterContent/Textures/T_Brick_Cut_Stone_N.uasset" 152
"../../../TimeAttack/Content/StarterContent/Materials/M_Brick_Cut_Stone.uasset" 153
"../../../TimeAttack/Content/StarterContent/Textures/T_Brick_Hewn_Stone_D.uasset" 154
"../../../TimeAttack/Content/StarterContent/Textures/T_Brick_Hewn_Stone_M.uasset" 155
"../../../TimeAttack/Content/StarterContent/Textures/T_Brick_Hewn_Stone_N.uasset" 156
"../../../TimeAttack/Content/StarterContent/Materials/M_Brick_Hewn_Stone.uasset" 157
"../../../TimeAttack/Content/StarterContent/Textures/T_Ceramic_Tile_M.uasset" 158
"../../../TimeAttack/Content/StarterContent/Textures/T_Ceramic_Tile_N.uasset" 159
"../../../TimeAttack/Content/StarterContent/Materials/M_Ceramic_Tile_Checker.uasset" 160
"../../../TimeAttack/Content/StarterContent/Textures/T_CobbleStone_Pebble_D.uasset" 161
"../../../TimeAttack/Content/StarterContent/Textures/T_CobbleStone_Pebble_M.uasset" 162
"../../../TimeAttack/Content/StarterContent/Textures/T_CobbleStone_Pebble_N.uasset" 163
"../../../TimeAttack/Content/StarterContent/Materials/M_CobbleStone_Pebble.uasset" 164
"../../../TimeAttack/Content/StarterContent/Textures/T_CobbleStone_Rough_D.uasset" 165
"../../../TimeAttack/Content/StarterContent/Textures/T_CobbleStone_Rough_N.uasset" 166
"../../../TimeAttack/Content/StarterContent/Textures/T_Gradinet_01.uasset" 167
"../../../TimeAttack/Content/StarterContent/Textures/T_Rock_Smooth_Granite_D.uasset" 168
"../../../TimeAttack/Content/StarterContent/Materials/M_CobbleStone_Rough.uasset" 169
"../../../TimeAttack/Content/StarterContent/Textures/T_CobbleStone_Smooth_D.uasset" 170
"../../../TimeAttack/Content/StarterContent/Textures/T_CobbleStone_Smooth_M.uasset" 171
"../../../TimeAttack/Content/StarterContent/Textures/T_CobbleStone_Smooth_N.uasset" 172
"../../../TimeAttack/Content/StarterContent/Materials/M_CobbleStone_Smooth.uasset" 173
"../../../TimeAttack/Content/StarterContent/Textures/T_Concrete_Grime_D.uasset" 174
"../../../TimeAttack/Content/StarterContent/Textures/T_Metal_Rust_N.uasset" 175
"../../../TimeAttack/Content/StarterContent/Materials/M_Concrete_Grime.uasset" 176
"../../../TimeAttack/Content/StarterContent/Textures/T_Concrete_Panels_D.uasset" 177
"../../../TimeAttack/Content/StarterContent/Textures/T_Concrete_Panels_N.uasset" 178
"../../../TimeAttack/Content/StarterContent/Materials/M_Concrete_Panels.uasset" 179
"../../../TimeAttack/Content/StarterContent/Textures/T_Concrete_Poured_D.uasset" 180
"../../../TimeAttack/Content/StarterContent/Textures/T_Concrete_Poured_N.uasset" 181
"../../../TimeAttack/Content/StarterContent/Materials/M_Concrete_Poured.uasset" 182
"../../../TimeAttack/Content/StarterContent/Textures/T_Concrete_Tiles_D.uasset" 183
"../../../TimeAttack/Content/StarterContent/Textures/T_Concrete_Tiles_M.uasset" 184
"../../../TimeAttack/Content/StarterContent/Textures/T_Concrete_Tiles_N.uasset" 185
"../../../TimeAttack/Content/StarterContent/Textures/T_Concrete_Tiles_Variation_M.uasset" 186
"../../../TimeAttack/Content/StarterContent/Materials/M_Concrete_Tiles.uasset" 187
"../../../TimeAttack/Content/StarterContent/Textures/T_Ground_Grass_D.uasset" 188
"../../../TimeAttack/Content/StarterContent/Textures/T_Ground_Grass_N.uasset" 189
"../../../TimeAttack/Content/StarterContent/Materials/M_Ground_Grass.uasset" 190
"../../../TimeAttack/Content/StarterContent/Textures/T_Ground_Gravel_D.uasset" 191
"../../../TimeAttack/Content/StarterContent/Textures/T_Ground_Gravel_N.uasset" 192
"../../../TimeAttack/Content/StarterContent/Materials/M_Ground_Gravel.uasset" 193
"../../../TimeAttack/Content/StarterContent/Textures/T_ground_Moss_D.uasset" 194
"../../../TimeAttack/Content/StarterContent/Textures/T_Ground_Moss_N.uasset" 195
"../../../TimeAttack/Content/StarterContent/Materials/M_Ground_Moss.uasset" 196
"../../../TimeAttack/Content/StarterContent/Materials/M_Metal_Brushed_Nickel.uasset" 197
"../../../TimeAttack/Content/StarterContent/Textures/T_Metal_Aluminum_D.uasset" 198
"../../../TimeAttack/Content/StarterContent/Materials/M_Metal_Burnished_Steel.uasset" 199
"../../../TimeAttack/Content/StarterContent/Materials/M_Metal_Chrome.uasset" 200
"../../../TimeAttack/Content/StarterContent/Textures/T_Metal_Copper_D.uasset" 201
"../../../TimeAttack/Content/StarterContent/Materials/M_Metal_Copper.uasset" 202
"../../../TimeAttack/Content/StarterContent/Textures/T_Metal_Gold_D.uasset" 203
"../../../TimeAttack/Content/StarterContent/Materials/M_Metal_Gold.uasset" 204
"../../../Engine/Content/Functions/Engine_MaterialFunctions02/Utility/BlendAngleCorrectedNormals.uasset" 205
"../../../TimeAttack/Content/StarterContent/Textures/T_Metal_Rust_D.uasset" 206
"../../../TimeAttack/Content/StarterContent/Materials/M_Metal_Rust.uasset" 207
"../../../TimeAttack/Content/StarterContent/Textures/T_Metal_Steel_D.uasset" 208
"../../../TimeAttack/Content/StarterContent/Textures/T_Metal_Steel_N.uasset" 209
"../../../TimeAttack/Content/StarterContent/Materials/M_Metal_Steel.uasset" 210
"../../../TimeAttack/Content/StarterContent/Textures/T_Rock_Basalt_D.uasset" 211
"../../../TimeAttack/Content/StarterContent/Textures/T_Rock_Basalt_N.uasset" 212
"../../../TimeAttack/Content/StarterContent/Materials/M_Rock_Basalt.uasset" 213
"../../../TimeAttack/Content/StarterContent/Textures/T_Rock_Sandstone_D.uasset" 214
"../../../TimeAttack/Content/StarterContent/Textures/T_Rock_Sandstone_N.uasset" 215
"../../../TimeAttack/Content/StarterContent/Materials/M_Rock_Sandstone.uasset" 216
"../../../TimeAttack/Content/StarterContent/Textures/T_Rock_Slate_D.uasset" 217
"../../../TimeAttack/Content/StarterContent/Textures/T_Rock_Slate_N.uasset" 218
"../../../TimeAttack/Content/StarterContent/Materials/M_Rock_Slate.uasset" 219
"../../../TimeAttack/Content/StarterContent/Textures/T_Checker_Noise_M.uasset" 220
"../../../TimeAttack/Content/StarterContent/Textures/T_Single_Tile_N.uasset" 221
"../../../TimeAttack/Content/StarterContent/Textures/T_Tech_Dot_M.uasset" 222
"../../../TimeAttack/Content/StarterContent/Textures/T_Tech_Dot_N.uasset" 223
"../../../TimeAttack/Content/StarterContent/Materials/M_Tech_Checker_Dot.uasset" 224
"../../../TimeAttack/Content/StarterContent/Materials/M_Tech_Hex_Tile.uasset" 225
"../../../TimeAttack/Content/StarterContent/Textures/T_Tech_Panel_M.uasset" 226
"../../../TimeAttack/Content/StarterContent/Textures/T_Tech_Panel_N.uasset" 227
"../../../TimeAttack/Content/StarterContent/Materials/M_Tech_Panel.uasset" 228
"../../../TimeAttack/Content/StarterContent/Materials/M_Water_Lake.uasset" 229
"../../../TimeAttack/Content/StarterContent/Textures/T_Water_M.uasset" 230
"../../../TimeAttack/Content/StarterContent/Materials/M_Water_Ocean.uasset" 231
"../../../TimeAttack/Content/StarterContent/Textures/T_Wood_Floor_Walnut_D.uasset" 232
"../../../TimeAttack/Content/StarterContent/Textures/T_Wood_Floor_Walnut_M.uasset" 233
"../../../TimeAttack/Content/StarterContent/Textures/T_Wood_Floor_Walnut_N.uasset" 234
"../../../TimeAttack/Content/StarterContent/Materials/M_Wood_Floor_Walnut_Polished.uasset" 235
"../../../Engine/Content/Functions/Engine_MaterialFunctions01/Opacity/AlphaOffset.uasset" 236
"../../../TimeAttack/Content/StarterContent/Materials/M_Wood_Floor_Walnut_Worn.uasset" 237
"../../../TimeAttack/Content/StarterContent/Textures/T_Wood_Oak_D.uasset" 238
"../../../TimeAttack/Content/StarterContent/Textures/T_Wood_Oak_N.uasset" 239
"../../../TimeAttack/Content/StarterContent/Materials/M_Wood_Oak.uasset" 240
"../../../TimeAttack/Content/StarterContent/Textures/T_Wood_Pine_D.uasset" 241
"../../../TimeAttack/Content/StarterContent/Textures/T_Wood_Pine_N.uasset" 242
"../../../TimeAttack/Content/StarterContent/Materials/M_Wood_Pine.uasset" 243
"../../../TimeAttack/Content/StarterContent/Textures/T_Wood_Walnut_D.uasset" 244
"../../../TimeAttack/Content/StarterContent/Textures/T_Wood_Walnut_N.uasset" 245
"../../../TimeAttack/Content/StarterContent/Materials/M_Wood_Walnut.uasset" 246
"../../../TimeAttack/Content/StarterContent/Textures/T_Chair_M.uasset" 247
"../../../TimeAttack/Content/StarterContent/Textures/T_Chair_N.uasset" 248
"../../../TimeAttack/Content/StarterContent/Props/Materials/M_Chair.uasset" 249
"../../../TimeAttack/Content/StarterContent/Materials/M_Basic_Floor.uasset" 250
"../../../TimeAttack/Content/StarterContent/Architecture/Floor_400x400.uasset" 251
"../../../TimeAttack/Content/StarterContent/Materials/M_Basic_Wall.uasset" 252
"../../../TimeAttack/Content/StarterContent/Architecture/Wall_400x200.uasset" 253
"../../../TimeAttack/Content/StarterContent/Architecture/Wall_Door_400x300.uasset" 254
"../../../TimeAttack/Content/StarterContent/Architecture/Wall_Window_400x300.uasset" 255
"../../../TimeAttack/Content/StarterContent/Audio/Collapse01.uasset" 256
"../../../TimeAttack/Content/StarterContent/Audio/Collapse02.uasset" 257
"../../../TimeAttack/Content/StarterContent/Audio/Collapse_Cue.uasset" 258
"../../../TimeAttack/Content/StarterContent/Audio/Starter_Birds01.uasset" 259
"../../../TimeAttack/Content/StarterContent/Audio/Starter_Wind05.uasset" 260
"../../../TimeAttack/Content/StarterContent/Audio/Starter_Wind06.uasset" 261
"../../../TimeAttack/Content/StarterContent/Audio/Starter_Background_Cue.uasset" 262
"../../../TimeAttack/Content/StarterContent/Audio/Starter_Music01.uasset" 263
"../../../TimeAttack/Content/StarterContent/Audio/Starter_Music_Cue.uasset" 264
"../../../TimeAttack/Content/StarterContent/Textures/T_Dust_Particle_D.uasset" 265
"../../../TimeAttack/Content/StarterContent/Particles/Materials/M_Dust_Particle.uasset" 266
"../../../TimeAttack/Content/StarterContent/Particles/P_Ambient_Dust.uasset" 267
"../../../TimeAttack/Content/StarterContent/Props/MaterialSphere.uasset" 268
"../../../TimeAttack/Content/StarterContent/Props/SM_Chair.uasset" 269
"../../../TimeAttack/Content/StarterContent/Textures/T_Frame_M.uasset" 270
"../../../TimeAttack/Content/StarterContent/Textures/T_Frame_N.uasset" 271
"../../../TimeAttack/Content/StarterContent/Props/Materials/M_Frame.uasset" 272
"../../../TimeAttack/Content/StarterContent/Props/SM_CornerFrame.uasset" 273
"../../../TimeAttack/Content/StarterContent/Props/SM_DoorFrame.uasset" 274
"../../../TimeAttack/Content/StarterContent/Materials/M_Glass.uasset" 275
"../../../TimeAttack/Content/StarterContent/Props/SM_GlassWindow.uasset" 276
"../../../TimeAttack/Content/StarterContent/Props/SM_PillarFrame.uasset" 277
"../../../TimeAttack/Content/StarterContent/Props/SM_PillarFrame300.uasset" 278
"../../../TimeAttack/Content/StarterContent/Textures/T_Statue_M.uasset" 279
"../../../TimeAttack/Content/StarterContent/Textures/T_Statue_N.uasset" 280
"../../../TimeAttack/Content/StarterContent/Props/Materials/M_Statue.uasset" 281
"../../../TimeAttack/Content/StarterContent/Props/Materials/M_StatueGlass.uasset" 282
"../../../TimeAttack/Content/StarterContent/Props/SM_Statue.uasset" 283
"../../../TimeAttack/Content/StarterContent/Textures/T_TableRound_M.uasset" 284
"../../../TimeAttack/Content/StarterContent/Textures/T_TableRound_N.uasset" 285
"../../../TimeAttack/Content/StarterContent/Props/Materials/M_TableRound.uasset" 286
"../../../TimeAttack/Content/StarterContent/Props/SM_TableRound.uasset" 287
"../../../TimeAttack/Content/StarterContent/Props/SM_WindowFrame.uasset" 288
"../../../TimeAttack/Content/StarterContent/Shapes/Shape_Cube.uasset" 289
"../../../TimeAttack/Content/StarterContent/Shapes/Shape_QuadPyramid.uasset" 290
"../../../TimeAttack/Content/StarterContent/Shapes/Shape_Sphere.uasset" 291
"../../../TimeAttack/Content/StarterContent/Maps/StarterMap.umap" 292
"../../../TimeAttack/Content/StarterContent/Blueprints/Assets/FogBrightnessLUT.uasset" 293
"../../../TimeAttack/Content/StarterContent/Blueprints/Assets/SunlightColorLUT.uasset" 294
"../../../TimeAttack/Content/StarterContent/Blueprints/Assets/M_LightStage_Arrows.uasset" 295
"../../../Engine/Content/MapTemplates/Sky/DaylightAmbientCubemap.uasset" 296
"../../../TimeAttack/Content/StarterContent/Blueprints/Assets/M_LightStage_Skybox_Master.uasset" 297
"../../../TimeAttack/Content/StarterContent/Blueprints/Assets/M_LightStage_Skybox_Black.uasset" 298
"../../../TimeAttack/Content/StarterContent/Blueprints/Assets/M_LightStage_Skybox_HDRI.uasset" 299
"../../../Engine/Content/EditorMaterials/Thumbnails/SkySphereMaterial.uasset" 300
"../../../TimeAttack/Content/StarterContent/Blueprints/Assets/Skybox.uasset" 301
"../../../TimeAttack/Content/StarterContent/Blueprints/Assets/SM_Arrows.uasset" 302
"../../../TimeAttack/Content/StarterContent/HDRI/HDRI_Epic_Courtyard_Daylight.uasset" 303
"../../../TimeAttack/Content/StarterContent/Blueprints/BP_LightStudio.uasset" 304
"../../../TimeAttack/Content/StarterContent/Materials/M_AssetPlatform.uasset" 305
"../../../Engine/Content/EditorMeshes/ColorCalibrator/M_ChromeBall.uasset" 306
"../../../Engine/Content/EditorMeshes/ColorCalibrator/M_ClearCoat.uasset" 307
"../../../Engine/Content/EditorMeshes/ColorCalibrator/M_ClearCoatBlack.uasset" 308
"../../../Engine/Content/EditorMeshes/ColorCalibrator/T_ColorGrid.uasset" 309
"../../../Engine/Content/EditorMeshes/ColorCalibrator/M_ColorGrid.uasset" 310
"../../../Engine/Content/EditorMeshes/ColorCalibrator/M_GreyBall.uasset" 311
"../../../Engine/Content/EditorMeshes/ColorCalibrator/SM_ColorCalibrator.uasset" 312
"../../../TimeAttack/Content/StarterContent/Architecture/SM_AssetPlatform.uasset" 313
"../../../TimeAttack/Content/StarterContent/Maps/Advanced_Lighting.umap" 314
"../../../TimeAttack/Content/StarterContent/Maps/Minimal_Default.umap" 315
"../../../TimeAttack/Content/Particles/MagicalSkillSets/Textures/FlowMap_Swirl_Detailed_A.uasset" 316
"../../../TimeAttack/Content/Particles/MagicalSkillSets/Textures/T_BaseFX_Rings.uasset" 317
"../../../TimeAttack/Content/Particles/MagicalSkillSets/Textures/T_Masks.uasset" 318
"../../../TimeAttack/Content/Particles/MagicalSkillSets/Materials/m_Circle.uasset" 319
"../../../TimeAttack/Content/Particles/MagicalSkillSets/Textures/T_Lightning_2x2.uasset" 320
"../../../TimeAttack/Content/Particles/MagicalSkillSets/Materials/m_Lightning.uasset" 321
"../../../TimeAttack/Content/Particles/MagicalSkillSets/Particles/p_Buff_Sparky.uasset" 322
"../../../TimeAttack/Content/Blueprints/Checkpoint.uasset" 323
"../../../TimeAttack/Content/Geometry/Obstacles/Material_0.uasset" 324
"../../../TimeAttack/Content/Geometry/Obstacles/Obstacle_Wall.uasset" 325
"../../../TimeAttack/Content/Blueprints/Obstacles/Obstacle_Wall.uasset" 326
"../../../Engine/Content/EditorBlueprintResources/ActorMacros.uasset" 327
"../../../TimeAttack/Content/Blueprints/UI/Tag/HUDTagEndgame.uasset" 328
"../../../TimeAttack/Content/Blueprints/UI/Tag/HUDTagTimer.uasset" 329
"../../../TimeAttack/Content/Blueprints/Tracker.uasset" 330
"../../../TimeAttack/Content/Blueprints/GameModes/ObstacleGameMode.uasset" 331
"../../../TimeAttack/Content/Blueprints/Obstacles/AirVent.uasset" 332
"../../../TimeAttack/Content/Audio/Blueprints_TextPop03.uasset" 333
"../../../TimeAttack/Content/Audio/RealisticRender_MusicDay02.uasset" 334
"../../../TimeAttack/Content/Geometry/LevelPieces/TrackPiece_Curve_Small.uasset" 335
"../../../TimeAttack/Content/Geometry/LevelPieces/TrackPiece_Straight_Slope_Steep_End.uasset" 336
"../../../TimeAttack/Content/Geometry/LevelPieces/TrackPiece_Straight_Slope_Steep_Mid.uasset" 337
"../../../TimeAttack/Content/Geometry/LevelPieces/TrackPiece_Straight_Slope_Steep_Start.uasset" 338
"../../../TimeAttack/Content/VehicleAdvBP/Maps/LooptyLoopMap.umap" 339
"../../../Engine/Content/EngineMaterials/DefaultMaterial.uasset" 340
"../../../Engine/Content/EngineMaterials/DefaultDiffuse.uasset" 341
"../../../Engine/Content/EngineMaterials/DefaultNormal.uasset" 342
"../../../Engine/Content/Maps/Entry.umap" 343
"../../../TimeAttack/Content/Geometry/BSPs/BSP_Slope.uasset" 344
"../../../TimeAttack/Content/VehicleAdvBP/Maps/Tag.umap" 345
"../../../TimeAttack/Content/VehicleAdvBP/Maps/MountainMadness.umap" 346
"../../../Engine/Content/EngineFonts/Roboto.uasset" 347
"../../../Engine/Content/Functions/Engine_MaterialFunctions01/Shading/PowerToRoughness.uasset" 348
"../../../Engine/Content/Functions/Engine_MaterialFunctions01/Shading/ConvertFromDiffSpec.uasset" 349
"../../../Engine/Content/EngineMaterials/DefaultDeferredDecalMaterial.uasset" 350
"../../../Engine/Content/EngineMaterials/DefaultLightFunctionMaterial.uasset" 351
"../../../Engine/Content/Functions/Engine_MaterialFunctions02/Utility/BreakOutFloat2Components.uasset" 352
"../../../Engine/Content/EngineMaterials/DefaultPostProcessMaterial.uasset" 353
"../../../Engine/Content/EngineResources/DefaultTexture.uasset" 354
"../../../Engine/Content/Functions/Engine_MaterialFunctions02/Texturing/ScreenAlignedUVs.uasset" 355
"../../../Engine/Content/EngineResources/WhiteSquareTexture.uasset" 356
"../../../Engine/Content/EngineMaterials/Widget3DPassThrough.uasset" 357
"../../../Engine/Content/EngineMaterials/Widget3DPassThrough_Translucent.uasset" 358
"../../../Engine/Content/EngineMaterials/Widget3DPassThrough_Translucent_OneSided.uasset" 359
"../../../Engine/Content/EngineMaterials/Widget3DPassThrough_Opaque.uasset" 360
"../../../Engine/Content/EngineMaterials/Widget3DPassThrough_Opaque_OneSided.uasset" 361
"../../../Engine/Content/EngineMaterials/Widget3DPassThrough_Masked.uasset" 362
"../../../Engine/Content/EngineMaterials/Widget3DPassThrough_Masked_OneSided.uasset" 363
"../../../Engine/Content/EditorResources/S_Actor.uasset" 364
"../../../Engine/Content/Maps/Templates/Thumbnails/Default.uasset" 365
"../../../Engine/Content/EditorMaterials/ParticleSystems/PSysThumbnail_NoImage.uasset" 366
"../../../Engine/Content/EditorMaterials/ParticleSystems/PSysThumbnail_OOD.uasset" 367
"../../../Engine/Content/EditorLandscapeResources/DataLayer.uasset" 368
"../../../Engine/Content/EngineDamageTypes/DmgTypeBP_Environmental.uasset" 369
"../../../Engine/Content/EngineMeshes/Sphere.uasset" 370
"../../../Engine/Content/EngineMaterials/DefaultTextMaterialOpaque.uasset" 371
"../../../Engine/Content/EditorResources/S_Trigger.uasset" 372
"../../../Engine/Content/EngineResources/GradientTexture0.uasset" 373
"../../../Engine/Content/EngineResources/Black.uasset" 374
"../../../Engine/Content/EditorMaterials/MatineeGroups/MAT_Groups_Float.uasset" 375
"../../../Engine/Content/EditorMaterials/MatineeGroups/MAT_Groups_Director.uasset" 376
"../../../Engine/Content/EditorMaterials/MatineeGroups/MAT_Groups_Event.uasset" 377
"../../../Engine/Content/EditorMaterials/MatineeGroups/MAT_Groups_Anim.uasset" 378
"../../../Engine/Content/EditorMaterials/MatineeGroups/MAT_Groups_Fade.uasset" 379
"../../../Engine/Content/EditorMaterials/MatineeGroups/MAT_Groups_Move.uasset" 380
"../../../Engine/Content/EditorMaterials/MatineeGroups/MAT_Groups_Slomo.uasset" 381
"../../../Engine/Content/EditorMaterials/MatineeGroups/MAT_ColorTrack.uasset" 382
"../../../Engine/Content/EditorMaterials/MAT_Groups_Toggle.uasset" 383
"../../../Engine/Content/EditorMaterials/MatineeGroups/MAT_Groups_AudioMaster.uasset" 384
"../../../Engine/Content/EditorMaterials/MatineeGroups/MAT_Groups_Sound.uasset" 385
"../../../Engine/Content/EditorMaterials/MatineeGroups/MAT_Groups_Vector.uasset" 386
"../../../Engine/Content/EditorMaterials/MAT_Groups_Visibility.uasset" 387
"../../../Engine/Content/EngineResources/DefaultTextureCube.uasset" 388
"../../../Engine/Content/EngineMeshes/Cylinder.uasset" 389
"../../../Engine/Content/EngineTireTypes/DefaultTireType.uasset" 390
"../../../Engine/Content/EngineResources/AICON-Red.uasset" 391
"../../../Engine/Content/EngineResources/AICON-Green.uasset" 392
"../../../Engine/Content/Tutorial/Basics/LevelEditorAttract.uasset" 393
"../../../Engine/Content/Tutorial/Basics/TutorialAssets/icon_tab_Levels_40x.uasset" 394
"../../../Engine/Content/Tutorial/Basics/LevelEditorOverview.uasset" 395
"../../../TimeAttack/Content/VehicleAdvBP/AdvancedVehicleOverview.uasset" 396
"../../../Engine/Content/Tutorial/ContentIntroCurve.uasset" 397
"../../../Engine/Plugins/2D/Paper2D/Content/PlaceholderTextures/DummySpriteTexture.uasset" 398
"../../../Engine/Plugins/2D/Paper2D/Content/DefaultSpriteMaterial.uasset" 399
"../../../Engine/Plugins/2D/Paper2D/Content/MaskedUnlitSpriteMaterial.uasset" 400
"../../../Engine/Plugins/2D/Paper2D/Content/OpaqueUnlitSpriteMaterial.uasset" 401
"../../../Engine/Plugins/2D/Paper2D/Content/DummySpriteTexture.uasset" 402
"../../../Engine/Plugins/2D/Paper2D/Content/DummySprite.uasset" 403
"../../../Engine/Plugins/2D/Paper2D/Content/DefaultPaperTerrainMaterial.uasset" 404
"../../../Engine/Plugins/Runtime/LeapMotionController/Content/LM_CapsuleMesh.uasset" 405
"../../../Engine/Plugins/Runtime/LeapMotionController/Content/LM_TorusMesh.uasset" 406
"../../../Engine/Plugins/Runtime/LeapMotionController/Content/LM_HandColor.uasset" 407
"../../../Engine/Plugins/Runtime/LeapMotionController/Content/LM_SampleDistortion.uasset" 408
"../../../Engine/Plugins/Runtime/LeapMotionController/Content/LM_TestTexture.uasset" 409
"../../../Engine/Plugins/Runtime/LeapMotionController/Content/LM_PassthroughMaterial.uasset" 410
"../../../Engine/Content/EngineMaterials/RemoveSurfaceMaterial.uasset" 411
"../../../Engine/Content/EngineDebugMaterials/DebugMeshMaterial.uasset" 412
"../../../Engine/Content/EngineMaterials/InvalidLightmapSettings.uasset" 413
"../../../Engine/Content/EngineMaterials/M_InvalidLightmapSettings.uasset" 414
"../../../Engine/Content/EditorMaterials/GizmoMaterial.uasset" 415
"../../../Engine/Content/EngineMaterials/Good64x64TilingNoiseHighFreq.uasset" 416
"../../../Engine/Content/EngineMaterials/DefaultBokeh.uasset" 417
"../../../Engine/Content/EngineMaterials/PreintegratedSkinBRDF.uasset" 418
"../../../Engine/Content/EngineMaterials/MiniFont.uasset" 419
"../../../Engine/Content/EngineMaterials/WeightMapPlaceholderTexture.uasset" 420
"../../../Engine/Content/EngineMaterials/DefaultWhiteGrid.uasset" 421
"../../../Engine/Content/EngineMaterials/DefaultPhysicalMaterial.uasset" 422
"../../../Engine/Content/EngineFonts/RobotoTiny.uasset" 423
"../../../Engine/Content/Functions/Engine_MaterialFunctions02/Texturing/CustomRotator.uasset" 424
"../../../TimeAttack/Content/Particles/MagicalSkillSets/Textures/FlameClamp.uasset" 425
"../../../TimeAttack/Content/Particles/MagicalSkillSets/Materials/m_Dot.uasset" 426
"../../../TimeAttack/Content/Particles/MagicalSkillSets/Textures/T_NoiseNormal.uasset" 427
"../../../TimeAttack/Content/Particles/MagicalSkillSets/Textures/T_RadialNormal.uasset" 428
"../../../TimeAttack/Content/Particles/MagicalSkillSets/Materials/m_Refraction.uasset" 429
"../../../TimeAttack/Content/Particles/MagicalSkillSets/Textures/T_Noise_Clouds_A.uasset" 430
"../../../TimeAttack/Content/Particles/MagicalSkillSets/Textures/T_Smoke_A.uasset" 431
"../../../TimeAttack/Content/Particles/MagicalSkillSets/Materials/m_Smoke.uasset" 432
"../../../TimeAttack/Content/Particles/MagicalSkillSets/Particles/p_Spawn_Sparky.uasset" 433
"../../../TimeAttack/Content/StarterContent/Particles/P_FireRing.uasset" 434
"../../../TimeAttack/Content/Textures/Materialing/T_Raster.uasset" 435
"../../../TimeAttack/Content/VehicleAdv/Sound/Engine_Speed_02_Loop.uasset" 436
"../../../TimeAttack/Content/VehicleAdv/Sound/Engine_Speed_04_Loop.uasset" 437
"../../../TimeAttack/Content/VehicleAdv/Sound/Engine_Speed_06_Loop.uasset" 438
"../../../TimeAttack/Content/VehicleAdv/Sound/Engine_Speed_01_Loop.uasset" 439
"../../../TimeAttack/Content/VehicleAdv/Sound/Engine_Speed_05_Loop.uasset" 440
"../../../TimeAttack/Content/VehicleAdv/Sound/Engine_Speed_03_Loop.uasset" 441
"../../../TimeAttack/Content/VehicleAdv/Sound/Engine_Loop_Cue.uasset" 442
"../../../Engine/Content/EditorResources/AudioIcons/S_AudioComponent_AutoActivate.uasset" 443
"../../../Engine/Content/EditorResources/EmptyActor.uasset" 444
"../../../Engine/Content/MobileResources/T_MobileMenu2.uasset" 445
"../../../Engine/Content/MobileResources/HUD/VirtualJoystick_Background.uasset" 446
"../../../Engine/Content/MobileResources/HUD/VirtualJoystick_Thumb.uasset" 447
"../../../Engine/Content/MobileResources/HUD/LeftVirtualJoystickOnly.uasset" 448
"../../../Engine/Content/MobileResources/HUD/MobileHUDButtonFire.uasset" 449
"../../../TimeAttack/Content/Blueprints/MenuGameMode.uasset" 450
"../../../TimeAttack/Content/Particles/MagicalSkillSets/Materials/m_Smoke_Color.uasset" 451
"../../../TimeAttack/Content/Particles/MagicalSkillSets/Particles/p_Spawn_Smoke.uasset" 452
"../../../TimeAttack/Content/Particles/MagicalSkillSets/Materials/m_Embers.uasset" 453
"../../../TimeAttack/Content/Particles/MagicalSkillSets/Textures/T_LinearMask.uasset" 454
"../../../TimeAttack/Content/Particles/MagicalSkillSets/Textures/T_RadialMask.uasset" 455
"../../../TimeAttack/Content/Particles/MagicalSkillSets/Materials/m_EtherealColumns.uasset" 456
"../../../TimeAttack/Content/Particles/MagicalSkillSets/Textures/T_Noise_Median_A.uasset" 457
"../../../TimeAttack/Content/Particles/MagicalSkillSets/Textures/T_Sigil_Base.uasset" 458
"../../../TimeAttack/Content/Particles/MagicalSkillSets/Materials/m_Sigil.uasset" 459
"../../../TimeAttack/Content/Particles/MagicalSkillSets/Materials/m_Smoke__Emmisive_Color.uasset" 460
"../../../TimeAttack/Content/Particles/MagicalSkillSets/Textures/T_Sigil_Signs.uasset" 461
"../../../TimeAttack/Content/Particles/MagicalSkillSets/Materials/m_Sigil_Inst_A.uasset" 462
"../../../TimeAttack/Content/Particles/MagicalSkillSets/Textures/T_Sigil_Details.uasset" 463
"../../../TimeAttack/Content/Particles/MagicalSkillSets/Materials/m_Sigil_Inst_B.uasset" 464
"../../../TimeAttack/Content/Particles/MagicalSkillSets/Materials/m_Sigil_Inst_Balls.uasset" 465
"../../../TimeAttack/Content/Particles/MagicalSkillSets/Textures/T_Sigil_Base_B.uasset" 466
"../../../TimeAttack/Content/Particles/MagicalSkillSets/Materials/m_Sigil_Inst_Base_B.uasset" 467
"../../../TimeAttack/Content/Particles/MagicalSkillSets/Particles/vel_Vortex.uasset" 468
"../../../TimeAttack/Content/Particles/MagicalSkillSets/Particles/p_Spawn_Magical.uasset" 469
"../../../TimeAttack/Content/Particles/MagicalSkillSets/Particles/p_LevelUp_Sparky.uasset" 470
"../../../TimeAttack/Content/Particles/MagicalSkillSets/Textures/SmokePhil1.uasset" 471
"../../../TimeAttack/Content/Particles/MagicalSkillSets/Materials/m_Smoke_Color_Inst.uasset" 472
"../../../TimeAttack/Content/Particles/MagicalSkillSets/Particles/p_LevelUp_Smoke.uasset" 473
"../../../TimeAttack/Content/Particles/MagicalSkillSets/Particles/p_LevelUp_Magical.uasset" 474
"../../../TimeAttack/Content/Particles/MagicalSkillSets/Particles/p_Hit_Sparky.uasset" 475
"../../../TimeAttack/Content/Particles/MagicalSkillSets/Particles/p_Hit_Smoke.uasset" 476
"../../../TimeAttack/Content/Particles/MagicalSkillSets/Particles/p_Hit_Magical.uasset" 477
"../../../TimeAttack/Content/Particles/MagicalSkillSets/Textures/T_Flames_4x1_A.uasset" 478
"../../../TimeAttack/Content/Particles/MagicalSkillSets/Materials/m_Fire.uasset" 479
"../../../TimeAttack/Content/Particles/MagicalSkillSets/Particles/p_Fire.uasset" 480
"../../../TimeAttack/Content/Particles/MagicalSkillSets/Particles/p_Die_Smoke.uasset" 481
"../../../TimeAttack/Content/Particles/MagicalSkillSets/Particles/p_Die_Magical.uasset" 482
"../../../TimeAttack/Content/Particles/MagicalSkillSets/Particles/p_Buff_Smoke.uasset" 483
"../../../TimeAttack/Content/Particles/MagicalSkillSets/Particles/p_Buff_Magical.uasset" 484
"../../../TimeAttack/Content/Textures/Materialing/T_RadialNormal.uasset" 485
"../../../TimeAttack/Content/StarterContent/Shapes/Shape_Tube.uasset" 486
"../../../TimeAttack/Content/StarterContent/Shapes/Shape_TriPyramid.uasset" 487
"../../../TimeAttack/Content/StarterContent/Shapes/Shape_Trim_90_Out.uasset" 488
"../../../Engine/Content/EngineMaterials/OrientParticle.uasset" 489
"../../../Engine/Content/EngineMaterials/DefaultParticle.uasset" 490
"../../../TimeAttack/Content/StarterContent/Particles/P_AirVent.uasset" 491
"../../../TimeAttack/Content/Textures/Particles/T_Smoke_A.uasset" 492
"../../../TimeAttack/Content/Materials/Particles/MP_HoverSmoke.uasset" 493
"../../../TimeAttack/Content/Particles/MagicalSkillSets/Particles/p_Die_Sparky.uasset" 494
"../../../TimeAttack/Content/MagicalSkillSets/Particles/p_Shockwave.uasset" 495
"../../../TimeAttack/Content/Geometry/Meshes/TemplateFloor.uasset" 496
"../../../TimeAttack/Content/Geometry/Meshes/1M_Cube_Chamfer.uasset" 497
"../../../TimeAttack/Content/Geometry/LevelPieces/TrackPiece_Straight_Long.uasset" 498
"../../../TimeAttack/Content/Geometry/LevelPieces/None.uasset" 499
"../../../TimeAttack/Content/Geometry/LevelPieces/TrackPiece_Straight_Jump.uasset" 500
"../../../TimeAttack/Content/Geometry/LevelPieces/TrackPiece_Loop.uasset" 501
"../../../Engine/Content/MobileResources/HUD/T_Castle_ThumbstickOutter.uasset" 502
"../../../Engine/Content/MobileResources/HUD/MobileHUDDirectionPad2.uasset" 503
"../../../TimeAttack/Content/VehicleAdv/Vehicle/LeftVirtualJoystickOnly.uasset" 504
"../../../TimeAttack/Content/StarterContent/Shapes/Shape_Wedge_A.uasset" 505
"../../../TimeAttack/Content/Particles/MagicalSkillSets/Particles/vel_140.uasset" 506
"../../../Engine/Content/MobileResources/HUD/T_Castle_ThumbstickInner.uasset" 507
"../../../Engine/Content/EditorResources/LightIcons/S_LightError.uasset" 508
"../../../TimeAttack/Content/StarterContent/Shapes/Shape_WideCapsule.uasset" 509
"../../../TimeAttack/Content/StarterContent/Shapes/Shape_Wedge_B.uasset" 510
"../../../TimeAttack/Content/Textures/Materialing/Beam.uasset" 511
"../../../TimeAttack/Content/Textures/Materialing/T_NoiseNormal.uasset" 512
"../../../Engine/Content/MobileResources/HUD/MobileHUDDirectionPad.uasset" 513
"../../../TimeAttack/Content/Textures/Materialing/T_Noise_Median_A.uasset" 514
"../../../TimeAttack/Content/Textures/Materialing/T_Noise_Clouds_A.uasset" 515
"../../../Engine/Content/MobileResources/HUD/MobileHUDButton2_on.uasset" 516
"../../../Engine/Content/MobileResources/HUD/MobileHUDButton1_off.uasset" 517
"../../../Engine/Content/BasicShapes/Cone.uasset" 518
"../../../Engine/Content/BasicShapes/Cylinder.uasset" 519
"../../../Engine/Content/BasicShapes/Sphere.uasset" 520
"../../../Engine/Content/EditorMaterials/PhAT_JointLimitMaterial.uasset" 521
"../../../Engine/Content/EditorMaterials/PreviewShadowIndicator.uasset" 522
"../../../Engine/Content/EditorMaterials/PreviewShadowIndicatorMaterial.uasset" 523
"../../../Engine/Content/EditorResources/BSPVertex.uasset" 524
"../../../Engine/Content/EditorResources/AudioIcons/S_AudioComponent.uasset" 525
"../../../Engine/Content/EngineDebugMaterials/HeatmapGradient.uasset" 526
"../../../Engine/Content/EngineDebugMaterials/BoneWeightMaterial.uasset" 527
"../../../Engine/Content/EngineDebugMaterials/GeomMaterial.uasset" 528
"../../../Engine/Content/EngineMaterials/EditorBrushMaterial.uasset" 529
"../../../Engine/Content/MobileResources/T_MobileControls_texture.uasset" 530
"../../../Engine/Content/MobileResources/HUD/AnalogHat.uasset" 531
"../../../Engine/Content/MobileResources/HUD/DefaultVirtualJoysticks.uasset" 532
"../../../Engine/Content/MobileResources/HUD/MobileHUDButton1_on.uasset" 533
"../../../Engine/Content/MobileResources/HUD/MobileHUDButton2_off.uasset" 534
"../../../Engine/Content/MobileResources/HUD/MobileHUDButton3.uasset" 535
"../../../Engine/Content/MobileResources/HUD/MobileHUDDirectionPad3.uasset" 536
"../../../Engine/Content/MobileResources/HUD/MobileHUDDirectionStick.uasset" 537
"../../../Engine/Content/Tutorial/BlueprintTutorials/TutorialAssets/Blueprint_64x.uasset" 538
"../../../Engine/Content/Tutorial/BlueprintTutorials/BlueprintEditorTutorial.uasset" 539
"../../../Engine/Content/Tutorial/BlueprintTutorials/TutorialAssets/BlueprintInterface_64x.uasset" 540
"../../../Engine/Content/Tutorial/BlueprintTutorials/TutorialAssets/Tutorial_BP_Interface.uasset" 541
"../../../Engine/Content/Tutorial/BlueprintTutorials/BlueprintInterfacesEditorOverview.uasset" 542
"../../../Engine/Content/Tutorial/BlueprintTutorials/TutorialAssets/BlueprintMacroLibrary_64x.uasset" 543
"../../../Engine/Content/Tutorial/BlueprintTutorials/TutorialAssets/Tutorial_BP_MacroLib.uasset" 544
"../../../Engine/Content/Tutorial/BlueprintTutorials/BlueprintMacroLibrariesEditorOverview.uasset" 545
"../../../Engine/Content/Tutorial/BlueprintTutorials/LevelBlueprintEditorOverview.uasset" 546
"../../../Engine/Content/Tutorial/Foliage/TutorialAssets/Foliage.uasset" 547
"../../../Engine/Content/Tutorial/Foliage/Foliage_Settings_Tutorial.uasset" 548
"../../../Engine/Content/Tutorial/Foliage/Foliage_Using_The_Tool_Tutorial.uasset" 549
"../../../Engine/Content/Tutorial/Foliage/Foliage_Intro_Tutorial.uasset" 550
"../../../Engine/Content/Tutorial/Landscape/TutorialAssets/Landscape.uasset" 551
"../../../Engine/Content/Tutorial/Landscape/Landscape_Painting_Mode.uasset" 552
"../../../Engine/Content/Tutorial/Landscape/Landscape_Sculpt_Mode.uasset" 553
"../../../Engine/Content/Tutorial/Landscape/Landscape_Manage_Mode.uasset" 554
"../../../Engine/Content/Tutorial/Paper2D/TutorialAssets/Paper2DFlipbook_TutorialIcon.uasset" 555
"../../../Engine/Content/Tutorial/Paper2D/FlipbookEditorTutorial.uasset" 556
"../../../Engine/Content/Tutorial/Paper2D/TutorialAssets/Paper2DSprite_TutorialIcon.uasset" 557
"../../../Engine/Content/Tutorial/Paper2D/SpriteEditorTutorial.uasset" 558
"../../../Engine/Content/EditorMeshes/EditorCube.uasset" 559
"../../../Engine/Content/Tutorial/SubEditors/TutorialAssets/Tutorial_DM.uasset" 560
"../../../Engine/Content/Tutorial/SubEditors/DestructibleMeshEditorTutorial.uasset" 561
"../../../Engine/Content/Tutorial/SubEditors/TutorialAssets/TutorialMaterial.uasset" 562
"../../../Engine/Content/Tutorial/SubEditors/MaterialEditorTutorial.uasset" 563
"../../../Engine/Content/Tutorial/SubEditors/TutorialAssets/T_SmokeSubUV_8X8.uasset" 564
"../../../Engine/Content/Tutorial/SubEditors/TutorialAssets/T_soft_smoke.uasset" 565
"../../../Engine/Content/Tutorial/SubEditors/TutorialAssets/M_smoke_subUV_blackbody.uasset" 566
"../../../Engine/Content/Tutorial/SubEditors/TutorialAssets/TutorialParticleSystem.uasset" 567
"../../../Engine/Content/Tutorial/SubEditors/ParticleSystemEditorTutorial.uasset" 568
"../../../Engine/Content/Tutorial/SubEditors/TutorialAssets/icon_ShowSkeletalMeshes_40x.uasset" 569
"../../../Engine/Content/Tutorial/SubEditors/TutorialAssets/Character/TutorialTPP_Mat.uasset" 570
"../../../Engine/Content/Tutorial/SubEditors/TutorialAssets/Character/TutorialTPP_PhysicsAsset.uasset" 571
"../../../Engine/Content/Tutorial/SubEditors/TutorialAssets/Character/TutorialTPP.uasset" 572
"../../../Engine/Content/Tutorial/SubEditors/TutorialAssets/Character/TutorialTPP_Skeleton.uasset" 573
"../../../Engine/Content/Tutorial/SubEditors/TutorialAssets/Character/Tutorial_Idle.uasset" 574
"../../../Engine/Content/Tutorial/SubEditors/TutorialAssets/Character/Tutorial_Walk_Fwd.uasset" 575
"../../../Engine/Content/Tutorial/SubEditors/TutorialAssets/Character/NewBlendSpace1D.uasset" 576
"../../../Engine/Content/Tutorial/SubEditors/TutorialAssets/Character/TutorialCharacter.uasset" 577
"../../../Engine/Content/Tutorial/SubEditors/TutorialAssets/Character/TutorialTPP_AnimBlueprint.uasset" 578
"../../../Engine/Content/Tutorial/SubEditors/PersonaAnimBlueprintEditorWalkthrough.uasset" 579
"../../../Engine/Content/Tutorial/SubEditors/PersonaAnimEditorWalkthrough.uasset" 580
"../../../Engine/Content/EngineMeshes/Cube.uasset" 581
"../../../Engine/Content/Tutorial/SubEditors/StaticMeshEditorTutorial.uasset" 582
"../../../Engine/Content/Tutorial/SubEditors/TutorialAssets/icon_Editor_Preferences_General_40x.uasset" 583
"../../../TimeAttack/Content/Blueprints/UI/LeadPlayer.uasset" 584
"../../../TimeAttack/Content/Geometry/LevelPieces/Material_006.uasset" 585
"../../../TimeAttack/Content/Geometry/LevelPieces/TrackPiece_Straight_Short_Diffuse.uasset" 586
"../../../TimeAttack/Content/Geometry/LevelPieces/Material_007.uasset" 587
"../../../TimeAttack/Content/Particles/MagicalSkillSets/Textures/T_CircleLines.uasset" 588
"../../../TimeAttack/Content/Particles/MagicalSkillSets/Materials/m_Standard.uasset" 589
"../../../TimeAttack/Content/StarterContent/Architecture/Pillar_50x500.uasset" 590
"../../../TimeAttack/Content/StarterContent/Architecture/Wall_400x300.uasset" 591
"../../../TimeAttack/Content/StarterContent/Architecture/Wall_400x400.uasset" 592
"../../../TimeAttack/Content/StarterContent/Architecture/Wall_500x500.uasset" 593
"../../../TimeAttack/Content/StarterContent/Architecture/Wall_Door_400x400.uasset" 594
"../../../TimeAttack/Content/StarterContent/Architecture/Wall_Window_400x400.uasset" 595
"../../../TimeAttack/Content/StarterContent/Audio/Light01.uasset" 596
"../../../TimeAttack/Content/StarterContent/Audio/Light01_Cue.uasset" 597
"../../../TimeAttack/Content/StarterContent/Audio/Light02.uasset" 598
"../../../TimeAttack/Content/StarterContent/Audio/Light02_Cue.uasset" 599
"../../../TimeAttack/Content/StarterContent/Audio/Explosion01.uasset" 600
"../../../TimeAttack/Content/StarterContent/Audio/Explosion02.uasset" 601
"../../../TimeAttack/Content/StarterContent/Audio/Explosion_Cue.uasset" 602
"../../../TimeAttack/Content/StarterContent/Textures/T_Burst_M.uasset" 603
"../../../TimeAttack/Content/StarterContent/Particles/Materials/M_Burst.uasset" 604
"../../../TimeAttack/Content/StarterContent/Textures/T_Explosion_SubUV.uasset" 605
"../../../TimeAttack/Content/StarterContent/Particles/Materials/M_explosion_subUV.uasset" 606
"../../../TimeAttack/Content/StarterContent/Particles/Materials/m_flare_01.uasset" 607
"../../../TimeAttack/Content/StarterContent/Particles/Materials/M_radial_ramp.uasset" 608
"../../../TimeAttack/Content/StarterContent/Particles/P_Explosion.uasset" 609
"../../../TimeAttack/Content/StarterContent/Blueprints/Blueprint_Effect_Explosion.uasset" 610
"../../../TimeAttack/Content/StarterContent/Materials/M_ColorGrid_LowSpec.uasset" 611
"../../../TimeAttack/Content/StarterContent/Textures/T_Bush_D.uasset" 612
"../../../TimeAttack/Content/StarterContent/Textures/T_Bush_N.uasset" 613
"../../../TimeAttack/Content/StarterContent/Props/Materials/M_Bush.uasset" 614
"../../../TimeAttack/Content/StarterContent/Props/SM_Bush.uasset" 615
"../../../TimeAttack/Content/StarterContent/Props/SM_Couch.uasset" 616
"../../../TimeAttack/Content/StarterContent/Textures/T_Door_M.uasset" 617
"../../../TimeAttack/Content/StarterContent/Textures/T_Door_N.uasset" 618
"../../../TimeAttack/Content/StarterContent/Props/Materials/M_Door.uasset" 619
"../../../TimeAttack/Content/StarterContent/Props/SM_Door.uasset" 620
"../../../TimeAttack/Content/StarterContent/Props/Materials/M_MaterialSphere.uasset" 621
"../../../TimeAttack/Content/StarterContent/Props/Materials/M_MaterialSphere_Plain.uasset" 622
"../../../TimeAttack/Content/StarterContent/Props/SM_MatPreviewMesh_02.uasset" 623
"../../../TimeAttack/Content/StarterContent/Textures/T_RockMesh_M.uasset" 624
"../../../TimeAttack/Content/StarterContent/Textures/T_RockMesh_N.uasset" 625
"../../../TimeAttack/Content/StarterContent/Props/Materials/M_Rock.uasset" 626
"../../../TimeAttack/Content/StarterContent/Props/SM_Rock.uasset" 627
"../../../TimeAttack/Content/StarterContent/Textures/T_Shelf_M.uasset" 628
"../../../TimeAttack/Content/StarterContent/Textures/T_Shelf_N.uasset" 629
"../../../TimeAttack/Content/StarterContent/Props/Materials/M_Shelf.uasset" 630
"../../../TimeAttack/Content/StarterContent/Props/SM_Shelf.uasset" 631
"../../../TimeAttack/Content/StarterContent/Props/SM_Stairs.uasset" 632
"../../../TimeAttack/Content/StarterContent/Shapes/Shape_Cone.uasset" 633
"../../../TimeAttack/Content/StarterContent/Shapes/Shape_Cylinder.uasset" 634
"../../../TimeAttack/Content/StarterContent/Shapes/Shape_NarrowCapsule.uasset" 635
"../../../TimeAttack/Content/StarterContent/Shapes/Shape_Pipe.uasset" 636
"../../../TimeAttack/Content/StarterContent/Shapes/Shape_Pipe_180.uasset" 637
"../../../TimeAttack/Content/StarterContent/Shapes/Shape_Pipe_90.uasset" 638
"../../../TimeAttack/Content/StarterContent/Shapes/Shape_Plane.uasset" 639
"../../../TimeAttack/Content/StarterContent/Shapes/Shape_Torus.uasset" 640
"../../../TimeAttack/Content/StarterContent/Shapes/Shape_Trim.uasset" 641
"../../../TimeAttack/Content/StarterContent/Shapes/Shape_Trim_90_In.uasset" 642
"../../../TimeAttack/Content/Textures/Materialing/BeamPanner.uasset" 643
"../../../TimeAttack/Content/VehicleAdv/ArenaMesh/CubeMaterial.uasset" 644
"../../../TimeAttack/Content/VehicleAdv/ArenaMesh/pole.uasset" 645
"../../../TimeAttack/Content/VehicleAdv/ArenaMesh/RampTwist.uasset" 646
"../../../TimeAttack/Content/VehicleAdv/ArenaMesh/RoadSegment_01.uasset" 647
"../../../TimeAttack/Content/VehicleAdv/Textures/VehicleJoystick_BackgroundL.uasset" 648
"../../../TimeAttack/Content/VehicleAdv/Textures/VehicleJoystick_BackgroundR.uasset" 649
"../../../TimeAttack/Content/VehicleAdv/Vehicle/VehicleAnimationBlueprint.uasset" 650
"../../../TimeAttack/Content/VehicleAdv/Vehicle/VehicleBodyCollision.uasset" 651
"../../../TimeAttack/Content/VehicleAdv/Vehicle/WheelData/Vehicle_BackTireType.uasset" 652
"../../../TimeAttack/Content/VehicleAdv/Vehicle/WheelData/Vehicle_FrontTireType.uasset" 653
"../../../TimeAttack/Content/VehicleAdvBP/Blueprints/BumperCar.uasset" 654
"../../../TimeAttack/Content/VehicleAdvBP/Blueprints/HoverComponent.uasset" 655
"../../../TimeAttack/Content/VehicleAdvBP/Blueprints/VehicleAdvGameMode.uasset" 656
